e:\pucrs\21-2\fundamentoscg\fundamentosdecg_trabs\trabalho1\trabalho1\debug\vc142.pdb
e:\pucrs\21-2\fundamentoscg\fundamentosdecg_trabs\trabalho1\trabalho1\debug\vc142.idb
e:\pucrs\21-2\fundamentoscg\fundamentosdecg_trabs\trabalho1\trabalho1\debug\temporizador.obj
e:\pucrs\21-2\fundamentoscg\fundamentosdecg_trabs\trabalho1\trabalho1\debug\ponto.obj
e:\pucrs\21-2\fundamentoscg\fundamentosdecg_trabs\trabalho1\trabalho1\debug\poligono.obj
e:\pucrs\21-2\fundamentoscg\fundamentosdecg_trabs\trabalho1\trabalho1\debug\listadecoresrgb.obj
e:\pucrs\21-2\fundamentoscg\fundamentosdecg_trabs\trabalho1\trabalho1\debug\linha.obj
e:\pucrs\21-2\fundamentoscg\fundamentosdecg_trabs\trabalho1\trabalho1\debug\interseccaoentretodasaslinhas.obj
e:\pucrs\21-2\fundamentoscg\fundamentosdecg_trabs\trabalho1\trabalho1\debug\aabb.obj
e:\pucrs\21-2\fundamentoscg\fundamentosdecg_trabs\trabalho1\trabalho1\debug\blockspasce.obj
e:\pucrs\21-2\fundamentoscg\fundamentosdecg_trabs\trabalho1\debug\trabalho1.exe
e:\pucrs\21-2\fundamentoscg\fundamentosdecg_trabs\trabalho1\trabalho1\debug\trabalho1.ilk
e:\pucrs\21-2\fundamentoscg\fundamentosdecg_trabs\trabalho1\debug\trabalho1.pdb
e:\pucrs\21-2\fundamentoscg\fundamentosdecg_trabs\trabalho1\trabalho1\debug\programabasicoopengl.obj
e:\pucrs\21-2\fundamentoscg\fundamentosdecg_trabs\trabalho1\trabalho1\debug\blockspasce.obj.enc
e:\pucrs\21-2\fundamentoscg\fundamentosdecg_trabs\trabalho1\trabalho1\debug\trabalho1.tlog\cl.command.1.tlog
e:\pucrs\21-2\fundamentoscg\fundamentosdecg_trabs\trabalho1\trabalho1\debug\trabalho1.tlog\cl.read.1.tlog
e:\pucrs\21-2\fundamentoscg\fundamentosdecg_trabs\trabalho1\trabalho1\debug\trabalho1.tlog\cl.write.1.tlog
e:\pucrs\21-2\fundamentoscg\fundamentosdecg_trabs\trabalho1\trabalho1\debug\trabalho1.tlog\link.command.1.tlog
e:\pucrs\21-2\fundamentoscg\fundamentosdecg_trabs\trabalho1\trabalho1\debug\trabalho1.tlog\link.read.1.tlog
e:\pucrs\21-2\fundamentoscg\fundamentosdecg_trabs\trabalho1\trabalho1\debug\trabalho1.tlog\link.write.1.tlog
